0 verbose cli C:\Program Files\nodejs\node.exe C:\Users\nicoa\AppData\Roaming\npm\node_modules\npm\bin\npm-cli.js
1 info using npm@11.0.0
2 info using node@v22.12.0
3 silly config load:file:C:\Users\nicoa\AppData\Roaming\npm\node_modules\npm\npmrc
4 silly config load:file:C:\Users\nicoa\Desktop\Coderhouse\Backend III\PreEntrega1\Adoptme-Pets\.npmrc
5 silly config load:file:C:\Users\nicoa\.npmrc
6 silly config load:file:C:\Users\nicoa\AppData\Roaming\npm\etc\npmrc
7 verbose title npm install
8 verbose argv "install"
9 verbose logfile logs-max:10 dir:C:\Users\nicoa\Desktop\Coderhouse\Backend III\PreEntrega1\Adoptme-Pets\UsersnicoaAppDataRoamingnpm-cache\_logs\2025-06-10T02_19_29_310Z-
10 verbose logfile C:\Users\nicoa\Desktop\Coderhouse\Backend III\PreEntrega1\Adoptme-Pets\UsersnicoaAppDataRoamingnpm-cache\_logs\2025-06-10T02_19_29_310Z-debug-0.log
11 silly logfile start cleaning logs, removing 1 files
12 silly packumentCache heap:4345298944 maxSize:1086324736 maxEntrySize:543162368
13 silly logfile done cleaning log files
14 silly idealTree buildDeps
15 silly reify moves {}
16 silly audit bulk request {
16 silly audit   '@aws-crypto/sha256-browser': [ '5.2.0' ],
16 silly audit   '@smithy/is-array-buffer': [ '2.2.0', '4.0.0' ],
16 silly audit   '@smithy/util-buffer-from': [ '2.2.0', '4.0.0' ],
16 silly audit   '@smithy/util-utf8': [ '2.3.0', '4.0.0' ],
16 silly audit   '@aws-crypto/sha256-js': [ '5.2.0' ],
16 silly audit   '@aws-crypto/supports-web-crypto': [ '5.2.0' ],
16 silly audit   '@aws-crypto/util': [ '5.2.0' ],
16 silly audit   '@aws-sdk/client-cognito-identity': [ '3.826.0' ],
16 silly audit   '@aws-sdk/client-sso': [ '3.826.0' ],
16 silly audit   '@aws-sdk/core': [ '3.826.0' ],
16 silly audit   '@aws-sdk/credential-provider-cognito-identity': [ '3.826.0' ],
16 silly audit   '@aws-sdk/credential-provider-env': [ '3.826.0' ],
16 silly audit   '@aws-sdk/credential-provider-http': [ '3.826.0' ],
16 silly audit   '@aws-sdk/credential-provider-ini': [ '3.826.0' ],
16 silly audit   '@aws-sdk/credential-provider-node': [ '3.826.0' ],
16 silly audit   '@aws-sdk/credential-provider-process': [ '3.826.0' ],
16 silly audit   '@aws-sdk/credential-provider-sso': [ '3.826.0' ],
16 silly audit   '@aws-sdk/credential-provider-web-identity': [ '3.826.0' ],
16 silly audit   '@aws-sdk/credential-providers': [ '3.826.0' ],
16 silly audit   '@aws-sdk/middleware-host-header': [ '3.821.0' ],
16 silly audit   '@aws-sdk/middleware-logger': [ '3.821.0' ],
16 silly audit   '@aws-sdk/middleware-recursion-detection': [ '3.821.0' ],
16 silly audit   '@aws-sdk/middleware-user-agent': [ '3.826.0' ],
16 silly audit   '@aws-sdk/nested-clients': [ '3.826.0' ],
16 silly audit   '@aws-sdk/region-config-resolver': [ '3.821.0' ],
16 silly audit   '@aws-sdk/token-providers': [ '3.826.0' ],
16 silly audit   '@aws-sdk/types': [ '3.821.0' ],
16 silly audit   '@aws-sdk/util-endpoints': [ '3.821.0' ],
16 silly audit   '@aws-sdk/util-locate-window': [ '3.804.0' ],
16 silly audit   '@aws-sdk/util-user-agent-browser': [ '3.821.0' ],
16 silly audit   '@aws-sdk/util-user-agent-node': [ '3.826.0' ],
16 silly audit   '@aws-sdk/xml-builder': [ '3.821.0' ],
16 silly audit   '@faker-js/faker': [ '9.8.0' ],
16 silly audit   '@mapbox/node-pre-gyp': [ '1.0.10' ],
16 silly audit   '@mongodb-js/saslprep': [ '1.2.2' ],
16 silly audit   '@noble/hashes': [ '1.8.0' ],
16 silly audit   '@paralleldrive/cuid2': [ '2.2.2' ],
16 silly audit   '@smithy/abort-controller': [ '4.0.4' ],
16 silly audit   '@smithy/config-resolver': [ '4.1.4' ],
16 silly audit   '@smithy/core': [ '3.5.3' ],
16 silly audit   '@smithy/credential-provider-imds': [ '4.0.6' ],
16 silly audit   '@smithy/fetch-http-handler': [ '5.0.4' ],
16 silly audit   '@smithy/hash-node': [ '4.0.4' ],
16 silly audit   '@smithy/invalid-dependency': [ '4.0.4' ],
16 silly audit   '@smithy/middleware-content-length': [ '4.0.4' ],
16 silly audit   '@smithy/middleware-endpoint': [ '4.1.11' ],
16 silly audit   '@smithy/middleware-retry': [ '4.1.12' ],
16 silly audit   '@smithy/middleware-serde': [ '4.0.8' ],
16 silly audit   '@smithy/middleware-stack': [ '4.0.4' ],
16 silly audit   '@smithy/node-config-provider': [ '4.1.3' ],
16 silly audit   '@smithy/node-http-handler': [ '4.0.6' ],
16 silly audit   '@smithy/property-provider': [ '4.0.4' ],
16 silly audit   '@smithy/protocol-http': [ '5.1.2' ],
16 silly audit   '@smithy/querystring-builder': [ '4.0.4' ],
16 silly audit   '@smithy/querystring-parser': [ '4.0.4' ],
16 silly audit   '@smithy/service-error-classification': [ '4.0.5' ],
16 silly audit   '@smithy/shared-ini-file-loader': [ '4.0.4' ],
16 silly audit   '@smithy/signature-v4': [ '5.1.2' ],
16 silly audit   '@smithy/smithy-client': [ '4.4.3' ],
16 silly audit   '@smithy/types': [ '4.3.1' ],
16 silly audit   '@smithy/url-parser': [ '4.0.4' ],
16 silly audit   '@smithy/util-base64': [ '4.0.0' ],
16 silly audit   '@smithy/util-body-length-browser': [ '4.0.0' ],
16 silly audit   '@smithy/util-body-length-node': [ '4.0.0' ],
16 silly audit   '@smithy/util-config-provider': [ '4.0.0' ],
16 silly audit   '@smithy/util-defaults-mode-browser': [ '4.0.19' ],
16 silly audit   '@smithy/util-defaults-mode-node': [ '4.0.19' ],
16 silly audit   '@smithy/util-endpoints': [ '3.0.6' ],
16 silly audit   '@smithy/util-hex-encoding': [ '4.0.0' ],
16 silly audit   '@smithy/util-middleware': [ '4.0.4' ],
16 silly audit   '@smithy/util-retry': [ '4.0.5' ],
16 silly audit   '@smithy/util-stream': [ '4.2.2' ],
16 silly audit   '@smithy/util-uri-escape': [ '4.0.0' ],
16 silly audit   '@types/node': [ '22.15.30' ],
16 silly audit   '@types/webidl-conversions': [ '7.0.3' ],
16 silly audit   '@types/whatwg-url': [ '8.2.2' ],
16 silly audit   abbrev: [ '1.1.1' ],
16 silly audit   accepts: [ '1.3.8' ],
16 silly audit   'agent-base': [ '6.0.2' ],
16 silly audit   debug: [ '4.3.4', '2.6.9', '4.4.1' ],
16 silly audit   ms: [ '2.1.2', '2.1.3', '2.0.0' ],
16 silly audit   'ansi-colors': [ '4.1.3' ],
16 silly audit   'ansi-regex': [ '5.0.1' ],
16 silly audit   'ansi-styles': [ '4.3.0' ],
16 silly audit   anymatch: [ '3.1.3' ],
16 silly audit   'append-field': [ '1.0.0' ],
16 silly audit   aproba: [ '2.0.0' ],
16 silly audit   'are-we-there-yet': [ '2.0.0' ],
16 silly audit   argparse: [ '2.0.1' ],
16 silly audit   'array-flatten': [ '1.1.1' ],
16 silly audit   asap: [ '2.0.6' ],
16 silly audit   'assertion-error': [ '1.1.0' ],
16 silly audit   asynckit: [ '0.4.0' ],
16 silly audit   'balanced-match': [ '1.0.2' ],
16 silly audit   'base64-js': [ '1.5.1' ],
16 silly audit   bcrypt: [ '5.1.0' ],
16 silly audit   'binary-extensions': [ '2.2.0' ],
16 silly audit   'body-parser': [ '1.20.3' ],
16 silly audit   bowser: [ '2.11.0' ],
16 silly audit   'brace-expansion': [ '1.1.11', '2.0.1' ],
16 silly audit   braces: [ '3.0.3' ],
16 silly audit   'browser-stdout': [ '1.3.1' ],
16 silly audit   bson: [ '4.7.2' ],
16 silly audit   buffer: [ '5.7.1' ],
16 silly audit   'buffer-equal-constant-time': [ '1.0.1' ],
16 silly audit   'buffer-from': [ '1.1.2' ],
16 silly audit   busboy: [ '1.6.0' ],
16 silly audit   bytes: [ '3.1.2' ],
16 silly audit   'call-bind-apply-helpers': [ '1.0.2' ],
16 silly audit   'call-bound': [ '1.0.4' ],
16 silly audit   camelcase: [ '6.3.0' ],
16 silly audit   chai: [ '4.3.7' ],
16 silly audit   chalk: [ '4.1.2' ],
16 silly audit   'supports-color': [ '7.2.0', '8.1.1' ],
16 silly audit   'check-error': [ '1.0.2' ],
16 silly audit   chokidar: [ '3.5.3' ],
16 silly audit   chownr: [ '2.0.0' ],
16 silly audit   cliui: [ '7.0.4' ],
16 silly audit   'color-convert': [ '2.0.1' ],
16 silly audit   'color-name': [ '1.1.4' ],
16 silly audit   'color-support': [ '1.1.3' ],
16 silly audit   'combined-stream': [ '1.0.8' ],
16 silly audit   'component-emitter': [ '1.3.0' ],
16 silly audit   'concat-map': [ '0.0.1' ],
16 silly audit   'concat-stream': [ '1.6.2' ],
16 silly audit   'readable-stream': [ '2.3.7', '3.6.0' ],
16 silly audit   'safe-buffer': [ '5.1.2', '5.2.1' ],
16 silly audit   string_decoder: [ '1.1.1', '1.3.0' ],
16 silly audit   'console-control-strings': [ '1.1.0' ],
16 silly audit   'content-disposition': [ '0.5.4' ],
16 silly audit   'content-type': [ '1.0.5' ],
16 silly audit   cookie: [ '0.7.2', '0.7.1' ],
16 silly audit   'cookie-parser': [ '1.4.7' ],
16 silly audit   'cookie-signature': [ '1.0.6' ],
16 silly audit   cookiejar: [ '2.1.4' ],
16 silly audit   'core-util-is': [ '1.0.3' ],
16 silly audit   decamelize: [ '4.0.0' ],
16 silly audit   'deep-eql': [ '4.1.3' ],
16 silly audit   'delayed-stream': [ '1.0.0' ],
16 silly audit   delegates: [ '1.0.0' ],
16 silly audit   depd: [ '2.0.0' ],
16 silly audit   destroy: [ '1.2.0' ],
16 silly audit   'detect-libc': [ '2.0.1' ],
16 silly audit   dezalgo: [ '1.0.4' ],
16 silly audit   diff: [ '5.2.0' ],
16 silly audit   dotenv: [ '16.5.0' ],
16 silly audit   'dunder-proto': [ '1.0.1' ],
16 silly audit   'ecdsa-sig-formatter': [ '1.0.11' ],
16 silly audit   'ee-first': [ '1.1.1' ],
16 silly audit   'emoji-regex': [ '8.0.0' ],
16 silly audit   encodeurl: [ '2.0.0', '1.0.2' ],
16 silly audit   'es-define-property': [ '1.0.1' ],
16 silly audit   'es-errors': [ '1.3.0' ],
16 silly audit   'es-object-atoms': [ '1.1.1' ],
16 silly audit   escalade: [ '3.1.1' ],
16 silly audit   'escape-html': [ '1.0.3' ],
16 silly audit   'escape-string-regexp': [ '4.0.0' ],
16 silly audit   etag: [ '1.8.1' ],
16 silly audit   express: [ '4.21.2' ],
16 silly audit   'fast-safe-stringify': [ '2.1.1' ],
16 silly audit   'fast-xml-parser': [ '4.4.1' ],
16 silly audit   'fill-range': [ '7.1.1' ],
16 silly audit   finalhandler: [ '1.3.1' ],
16 silly audit   'find-up': [ '5.0.0' ],
16 silly audit   flat: [ '5.0.2' ],
16 silly audit   'form-data': [ '4.0.0' ],
16 silly audit   formidable: [ '2.1.5' ],
16 silly audit   forwarded: [ '0.2.0' ],
16 silly audit   fresh: [ '0.5.2' ],
16 silly audit   'fs-minipass': [ '2.1.0' ],
16 silly audit   'fs.realpath': [ '1.0.0' ],
16 silly audit   fsevents: [ '2.3.2' ],
16 silly audit   'function-bind': [ '1.1.2' ],
16 silly audit   gauge: [ '3.0.2' ],
16 silly audit   'get-caller-file': [ '2.0.5' ],
16 silly audit   'get-func-name': [ '2.0.2' ],
16 silly audit   'get-intrinsic': [ '1.3.0' ],
16 silly audit   'get-proto': [ '1.0.1' ],
16 silly audit   glob: [ '7.2.3', '8.1.0' ],
16 silly audit   'glob-parent': [ '5.1.2' ],
16 silly audit   gopd: [ '1.2.0' ],
16 silly audit   'has-flag': [ '4.0.0' ],
16 silly audit   'has-symbols': [ '1.1.0' ],
16 silly audit   'has-unicode': [ '2.0.1' ],
16 silly audit   hasown: [ '2.0.2' ],
16 silly audit   he: [ '1.2.0' ],
16 silly audit   'http-errors': [ '2.0.0' ],
16 silly audit   'https-proxy-agent': [ '5.0.1' ],
16 silly audit   'iconv-lite': [ '0.4.24' ],
16 silly audit   ieee754: [ '1.2.1' ],
16 silly audit   inflight: [ '1.0.6' ],
16 silly audit   inherits: [ '2.0.4' ],
16 silly audit   'ip-address': [ '9.0.5' ],
16 silly audit   'ipaddr.js': [ '1.9.1' ],
16 silly audit   'is-binary-path': [ '2.1.0' ],
16 silly audit   'is-extglob': [ '2.1.1' ],
16 silly audit   'is-fullwidth-code-point': [ '3.0.0' ],
16 silly audit   'is-glob': [ '4.0.3' ],
16 silly audit   'is-number': [ '7.0.0' ],
16 silly audit   'is-plain-obj': [ '2.1.0' ],
16 silly audit   'is-unicode-supported': [ '0.1.0' ],
16 silly audit   isarray: [ '1.0.0' ],
16 silly audit   'js-yaml': [ '4.1.0' ],
16 silly audit   jsbn: [ '1.1.0' ],
16 silly audit   jsonwebtoken: [ '9.0.2' ],
16 silly audit   jwa: [ '1.4.1' ],
16 silly audit   jws: [ '3.2.2' ],
16 silly audit   kareem: [ '2.5.1' ],
16 silly audit   'locate-path': [ '6.0.0' ],
16 silly audit   'lodash.includes': [ '4.3.0' ],
16 silly audit   'lodash.isboolean': [ '3.0.3' ],
16 silly audit   'lodash.isinteger': [ '4.0.4' ],
16 silly audit   'lodash.isnumber': [ '3.0.3' ],
16 silly audit   'lodash.isplainobject': [ '4.0.6' ],
16 silly audit   'lodash.isstring': [ '4.0.1' ],
16 silly audit   'lodash.once': [ '4.1.1' ],
16 silly audit   'log-symbols': [ '4.1.0' ],
16 silly audit   loupe: [ '2.3.6' ],
16 silly audit   'make-dir': [ '3.1.0' ],
16 silly audit   semver: [ '6.3.1', '7.7.2' ],
16 silly audit   'math-intrinsics': [ '1.1.0' ],
16 silly audit   'media-typer': [ '0.3.0' ],
16 silly audit   'memory-pager': [ '1.5.0' ],
16 silly audit   'merge-descriptors': [ '1.0.3' ],
16 silly audit   methods: [ '1.1.2' ],
16 silly audit   mime: [ '1.6.0', '2.6.0' ],
16 silly audit   'mime-db': [ '1.52.0' ],
16 silly audit   'mime-types': [ '2.1.35' ],
16 silly audit   minimatch: [ '3.1.2', '5.1.6' ],
16 silly audit   minimist: [ '1.2.7' ],
16 silly audit   minipass: [ '3.3.6', '5.0.0' ],
16 silly audit   minizlib: [ '2.1.2' ],
16 silly audit   mkdirp: [ '1.0.4', '0.5.6' ],
16 silly audit   mocha: [ '10.8.2' ],
16 silly audit   mongodb: [ '4.17.2' ],
16 silly audit   'mongodb-connection-string-url': [ '2.6.0' ],
16 silly audit   mongoose: [ '6.13.8' ],
16 silly audit   mpath: [ '0.9.0' ],
16 silly audit   mquery: [ '4.0.3' ],
16 silly audit   multer: [ '1.4.5-lts.1' ],
16 silly audit   negotiator: [ '0.6.3' ],
16 silly audit   'node-addon-api': [ '5.0.0' ],
16 silly audit   'node-fetch': [ '2.6.7' ],
16 silly audit   tr46: [ '0.0.3', '3.0.0' ],
16 silly audit   'webidl-conversions': [ '3.0.1', '7.0.0' ],
16 silly audit   'whatwg-url': [ '5.0.0', '11.0.0' ],
16 silly audit   nopt: [ '5.0.0' ],
16 silly audit   'normalize-path': [ '3.0.0' ],
16 silly audit   npmlog: [ '5.0.1' ],
16 silly audit   'object-assign': [ '4.1.1' ],
16 silly audit   'object-inspect': [ '1.13.4' ],
16 silly audit   'on-finished': [ '2.4.1' ],
16 silly audit   once: [ '1.4.0' ],
16 silly audit   'p-limit': [ '3.1.0' ],
16 silly audit   'p-locate': [ '5.0.0' ],
16 silly audit   parseurl: [ '1.3.3' ],
16 silly audit   'path-exists': [ '4.0.0' ],
16 silly audit   'path-is-absolute': [ '1.0.1' ],
16 silly audit   'path-to-regexp': [ '0.1.12' ],
16 silly audit   pathval: [ '1.1.1' ],
16 silly audit   picomatch: [ '2.3.1' ],
16 silly audit   'process-nextick-args': [ '2.0.1' ],
16 silly audit   'proxy-addr': [ '2.0.7' ],
16 silly audit   punycode: [ '2.3.1' ],
16 silly audit   qs: [ '6.13.0' ],
16 silly audit   randombytes: [ '2.1.0' ],
16 silly audit   'range-parser': [ '1.2.1' ],
16 silly audit   'raw-body': [ '2.5.2' ],
16 silly audit   readdirp: [ '3.6.0' ],
16 silly audit   'require-directory': [ '2.1.1' ],
16 silly audit   rimraf: [ '3.0.2' ],
16 silly audit   'safer-buffer': [ '2.1.2' ],
16 silly audit   send: [ '0.19.0' ],
16 silly audit   'serialize-javascript': [ '6.0.2' ],
16 silly audit   'serve-static': [ '1.16.2' ],
16 silly audit   'set-blocking': [ '2.0.0' ],
16 silly audit   setprototypeof: [ '1.2.0' ],
16 silly audit   'side-channel': [ '1.1.0' ],
16 silly audit   'side-channel-list': [ '1.0.0' ],
16 silly audit   'side-channel-map': [ '1.0.1' ],
16 silly audit   'side-channel-weakmap': [ '1.0.2' ],
16 silly audit   sift: [ '16.0.1' ],
16 silly audit   'signal-exit': [ '3.0.7' ],
16 silly audit   'smart-buffer': [ '4.2.0' ],
16 silly audit   socks: [ '2.8.4' ],
16 silly audit   'sparse-bitfield': [ '3.0.3' ],
16 silly audit   'sprintf-js': [ '1.1.3' ],
16 silly audit   statuses: [ '2.0.1' ],
16 silly audit   streamsearch: [ '1.1.0' ],
16 silly audit   'string-width': [ '4.2.3' ],
16 silly audit   'strip-ansi': [ '6.0.1' ],
16 silly audit   'strip-json-comments': [ '3.1.1' ],
16 silly audit   strnum: [ '1.1.2' ],
16 silly audit   superagent: [ '8.0.6' ],
16 silly audit   supertest: [ '6.3.3' ],
16 silly audit   tar: [ '6.2.1' ],
16 silly audit   'to-regex-range': [ '5.0.1' ],
16 silly audit   toidentifier: [ '1.0.1' ],
16 silly audit   tslib: [ '2.8.1' ],
16 silly audit   'type-detect': [ '4.0.8' ],
16 silly audit   'type-is': [ '1.6.18' ],
16 silly audit   typedarray: [ '0.0.6' ],
16 silly audit   'undici-types': [ '6.21.0' ],
16 silly audit   unpipe: [ '1.0.0' ],
16 silly audit   'util-deprecate': [ '1.0.2' ],
16 silly audit   'utils-merge': [ '1.0.1' ],
16 silly audit   uuid: [ '9.0.1' ],
16 silly audit   vary: [ '1.1.2' ],
16 silly audit   'wide-align': [ '1.1.5' ],
16 silly audit   workerpool: [ '6.5.1' ],
16 silly audit   'wrap-ansi': [ '7.0.0' ],
16 silly audit   wrappy: [ '1.0.2' ],
16 silly audit   xtend: [ '4.0.2' ],
16 silly audit   y18n: [ '5.0.8' ],
16 silly audit   yallist: [ '4.0.0' ],
16 silly audit   yargs: [ '16.2.0' ],
16 silly audit   'yargs-parser': [ '20.2.9' ],
16 silly audit   'yargs-unparser': [ '2.0.0' ],
16 silly audit   'yocto-queue': [ '0.1.0' ]
16 silly audit }
17 verbose reify failed optional dependency C:\Users\nicoa\Desktop\Coderhouse\Backend III\PreEntrega1\Adoptme-Pets\node_modules\fsevents
18 silly reify mark deleted [
18 silly reify   'C:\\Users\\nicoa\\Desktop\\Coderhouse\\Backend III\\PreEntrega1\\Adoptme-Pets\\node_modules\\fsevents'
18 silly reify ]
19 http fetch POST 200 https://registry.npmjs.org/-/npm/v1/security/advisories/bulk 496ms
20 silly audit report {}
21 silly ADD
22 verbose cwd C:\Users\nicoa\Desktop\Coderhouse\Backend III\PreEntrega1\Adoptme-Pets
23 verbose os Windows_NT 10.0.26100
24 verbose node v22.12.0
25 verbose npm  v11.0.0
26 verbose exit 0
27 info ok
