0 verbose cli C:\Program Files\nodejs\node.exe C:\Users\nicoa\AppData\Roaming\npm\node_modules\npm\bin\npm-cli.js
1 info using npm@11.0.0
2 info using node@v22.12.0
3 silly config load:file:C:\Users\nicoa\AppData\Roaming\npm\node_modules\npm\npmrc
4 silly config load:file:C:\Users\nicoa\Desktop\Coderhouse\Backend III\PreEntrega1\Adoptme-Pets\.npmrc
5 silly config load:file:C:\Users\nicoa\.npmrc
6 silly config load:file:C:\Users\nicoa\AppData\Roaming\npm\etc\npmrc
7 verbose title npm install dotenv
8 verbose argv "install" "dotenv"
9 verbose logfile logs-max:10 dir:C:\Users\nicoa\Desktop\Coderhouse\Backend III\PreEntrega1\Adoptme-Pets\UsersnicoaAppDataRoamingnpm-cache\_logs\2025-06-07T12_23_14_375Z-
10 verbose logfile C:\Users\nicoa\Desktop\Coderhouse\Backend III\PreEntrega1\Adoptme-Pets\UsersnicoaAppDataRoamingnpm-cache\_logs\2025-06-07T12_23_14_375Z-debug-0.log
11 silly logfile done cleaning log files
12 silly packumentCache heap:4345298944 maxSize:1086324736 maxEntrySize:543162368
13 silly idealTree buildDeps
14 silly fetch manifest dotenv@*
15 silly packumentCache full:https://registry.npmjs.org/dotenv cache-miss
16 http fetch GET 200 https://registry.npmjs.org/dotenv 173ms (cache miss)
17 silly packumentCache full:https://registry.npmjs.org/dotenv set size:undefined disposed:false
18 silly placeDep ROOT dotenv@16.5.0 OK for: plantilladocumentacion@1.0.0 want: *
19 silly reify moves {}
20 silly audit bulk request {
20 silly audit   '@aws-crypto/ie11-detection': [ '2.0.2' ],
20 silly audit   tslib: [ '1.14.1', '2.4.1' ],
20 silly audit   '@aws-crypto/sha256-browser': [ '2.0.0' ],
20 silly audit   '@aws-crypto/sha256-js': [ '2.0.0' ],
20 silly audit   '@aws-crypto/supports-web-crypto': [ '2.0.2' ],
20 silly audit   '@aws-crypto/util': [ '2.0.2' ],
20 silly audit   '@aws-sdk/abort-controller': [ '3.222.0' ],
20 silly audit   '@aws-sdk/client-cognito-identity': [ '3.223.0' ],
20 silly audit   '@aws-sdk/client-sso': [ '3.223.0' ],
20 silly audit   '@aws-sdk/client-sso-oidc': [ '3.223.0' ],
20 silly audit   '@aws-sdk/client-sts': [ '3.223.0' ],
20 silly audit   '@aws-sdk/config-resolver': [ '3.222.0' ],
20 silly audit   '@aws-sdk/credential-provider-cognito-identity': [ '3.223.0' ],
20 silly audit   '@aws-sdk/credential-provider-env': [ '3.222.0' ],
20 silly audit   '@aws-sdk/credential-provider-imds': [ '3.222.0' ],
20 silly audit   '@aws-sdk/credential-provider-ini': [ '3.223.0' ],
20 silly audit   '@aws-sdk/credential-provider-node': [ '3.223.0' ],
20 silly audit   '@aws-sdk/credential-provider-process': [ '3.222.0' ],
20 silly audit   '@aws-sdk/credential-provider-sso': [ '3.223.0' ],
20 silly audit   '@aws-sdk/credential-provider-web-identity': [ '3.222.0' ],
20 silly audit   '@aws-sdk/credential-providers': [ '3.223.0' ],
20 silly audit   '@aws-sdk/fetch-http-handler': [ '3.222.0' ],
20 silly audit   '@aws-sdk/hash-node': [ '3.222.0' ],
20 silly audit   '@aws-sdk/invalid-dependency': [ '3.222.0' ],
20 silly audit   '@aws-sdk/is-array-buffer': [ '3.201.0' ],
20 silly audit   '@aws-sdk/middleware-content-length': [ '3.222.0' ],
20 silly audit   '@aws-sdk/middleware-endpoint': [ '3.222.0' ],
20 silly audit   '@aws-sdk/middleware-host-header': [ '3.222.0' ],
20 silly audit   '@aws-sdk/middleware-logger': [ '3.222.0' ],
20 silly audit   '@aws-sdk/middleware-recursion-detection': [ '3.222.0' ],
20 silly audit   '@aws-sdk/middleware-retry': [ '3.222.0' ],
20 silly audit   '@aws-sdk/middleware-sdk-sts': [ '3.222.0' ],
20 silly audit   '@aws-sdk/middleware-serde': [ '3.222.0' ],
20 silly audit   '@aws-sdk/middleware-signing': [ '3.222.0' ],
20 silly audit   '@aws-sdk/middleware-stack': [ '3.222.0' ],
20 silly audit   '@aws-sdk/middleware-user-agent': [ '3.222.0' ],
20 silly audit   '@aws-sdk/node-config-provider': [ '3.222.0' ],
20 silly audit   '@aws-sdk/node-http-handler': [ '3.222.0' ],
20 silly audit   '@aws-sdk/property-provider': [ '3.222.0' ],
20 silly audit   '@aws-sdk/protocol-http': [ '3.222.0' ],
20 silly audit   '@aws-sdk/querystring-builder': [ '3.222.0' ],
20 silly audit   '@aws-sdk/querystring-parser': [ '3.222.0' ],
20 silly audit   '@aws-sdk/service-error-classification': [ '3.222.0' ],
20 silly audit   '@aws-sdk/shared-ini-file-loader': [ '3.222.0' ],
20 silly audit   '@aws-sdk/signature-v4': [ '3.222.0' ],
20 silly audit   '@aws-sdk/smithy-client': [ '3.222.0' ],
20 silly audit   '@aws-sdk/token-providers': [ '3.223.0' ],
20 silly audit   '@aws-sdk/types': [ '3.222.0' ],
20 silly audit   '@aws-sdk/url-parser': [ '3.222.0' ],
20 silly audit   '@aws-sdk/util-base64': [ '3.208.0' ],
20 silly audit   '@aws-sdk/util-body-length-browser': [ '3.188.0' ],
20 silly audit   '@aws-sdk/util-body-length-node': [ '3.208.0' ],
20 silly audit   '@aws-sdk/util-buffer-from': [ '3.208.0' ],
20 silly audit   '@aws-sdk/util-config-provider': [ '3.208.0' ],
20 silly audit   '@aws-sdk/util-defaults-mode-browser': [ '3.222.0' ],
20 silly audit   '@aws-sdk/util-defaults-mode-node': [ '3.222.0' ],
20 silly audit   '@aws-sdk/util-endpoints': [ '3.222.0' ],
20 silly audit   '@aws-sdk/util-hex-encoding': [ '3.201.0' ],
20 silly audit   '@aws-sdk/util-locate-window': [ '3.208.0' ],
20 silly audit   '@aws-sdk/util-middleware': [ '3.222.0' ],
20 silly audit   '@aws-sdk/util-uri-escape': [ '3.201.0' ],
20 silly audit   '@aws-sdk/util-user-agent-browser': [ '3.222.0' ],
20 silly audit   '@aws-sdk/util-user-agent-node': [ '3.222.0' ],
20 silly audit   '@aws-sdk/util-utf8-browser': [ '3.188.0' ],
20 silly audit   '@aws-sdk/util-utf8-node': [ '3.208.0' ],
20 silly audit   '@faker-js/faker': [ '9.8.0' ],
20 silly audit   '@mapbox/node-pre-gyp': [ '1.0.10' ],
20 silly audit   '@types/node': [ '18.11.10' ],
20 silly audit   '@types/webidl-conversions': [ '7.0.0' ],
20 silly audit   '@types/whatwg-url': [ '8.2.2' ],
20 silly audit   abbrev: [ '1.1.1' ],
20 silly audit   accepts: [ '1.3.8' ],
20 silly audit   'agent-base': [ '6.0.2' ],
20 silly audit   debug: [ '4.3.4', '2.6.9' ],
20 silly audit   ms: [ '2.1.2', '2.1.3', '2.0.0' ],
20 silly audit   'ansi-colors': [ '4.1.1' ],
20 silly audit   'ansi-regex': [ '5.0.1' ],
20 silly audit   'ansi-styles': [ '4.3.0' ],
20 silly audit   anymatch: [ '3.1.3' ],
20 silly audit   'append-field': [ '1.0.0' ],
20 silly audit   aproba: [ '2.0.0' ],
20 silly audit   'are-we-there-yet': [ '2.0.0' ],
20 silly audit   argparse: [ '2.0.1' ],
20 silly audit   'array-flatten': [ '1.1.1' ],
20 silly audit   asap: [ '2.0.6' ],
20 silly audit   'assertion-error': [ '1.1.0' ],
20 silly audit   asynckit: [ '0.4.0' ],
20 silly audit   'balanced-match': [ '1.0.2' ],
20 silly audit   'base64-js': [ '1.5.1' ],
20 silly audit   bcrypt: [ '5.1.0' ],
20 silly audit   'binary-extensions': [ '2.2.0' ],
20 silly audit   'body-parser': [ '1.20.1' ],
20 silly audit   bowser: [ '2.11.0' ],
20 silly audit   'brace-expansion': [ '1.1.11', '2.0.1' ],
20 silly audit   braces: [ '3.0.2' ],
20 silly audit   'browser-stdout': [ '1.3.1' ],
20 silly audit   bson: [ '4.7.0' ],
20 silly audit   buffer: [ '5.7.1' ],
20 silly audit   'buffer-equal-constant-time': [ '1.0.1' ],
20 silly audit   'buffer-from': [ '1.1.2' ],
20 silly audit   busboy: [ '1.6.0' ],
20 silly audit   bytes: [ '3.1.2' ],
20 silly audit   'call-bind': [ '1.0.2' ],
20 silly audit   camelcase: [ '6.3.0' ],
20 silly audit   chai: [ '4.3.7' ],
20 silly audit   chalk: [ '4.1.2' ],
20 silly audit   'supports-color': [ '7.2.0', '8.1.1' ],
20 silly audit   'check-error': [ '1.0.2' ],
20 silly audit   chokidar: [ '3.5.3' ],
20 silly audit   chownr: [ '2.0.0' ],
20 silly audit   cliui: [ '7.0.4' ],
20 silly audit   'color-convert': [ '2.0.1' ],
20 silly audit   'color-name': [ '1.1.4' ],
20 silly audit   'color-support': [ '1.1.3' ],
20 silly audit   'combined-stream': [ '1.0.8' ],
20 silly audit   'component-emitter': [ '1.3.0' ],
20 silly audit   'concat-map': [ '0.0.1' ],
20 silly audit   'concat-stream': [ '1.6.2' ],
20 silly audit   'readable-stream': [ '2.3.7', '3.6.0' ],
20 silly audit   'safe-buffer': [ '5.1.2', '5.2.1' ],
20 silly audit   string_decoder: [ '1.1.1', '1.3.0' ],
20 silly audit   'console-control-strings': [ '1.1.0' ],
20 silly audit   'content-disposition': [ '0.5.4' ],
20 silly audit   'content-type': [ '1.0.4' ],
20 silly audit   cookie: [ '0.5.0', '0.4.1' ],
20 silly audit   'cookie-parser': [ '1.4.6' ],
20 silly audit   'cookie-signature': [ '1.0.6' ],
20 silly audit   cookiejar: [ '2.1.3' ],
20 silly audit   'core-util-is': [ '1.0.3' ],
20 silly audit   decamelize: [ '4.0.0' ],
20 silly audit   'deep-eql': [ '4.1.3' ],
20 silly audit   'delayed-stream': [ '1.0.0' ],
20 silly audit   delegates: [ '1.0.0' ],
20 silly audit   denque: [ '2.1.0' ],
20 silly audit   depd: [ '2.0.0' ],
20 silly audit   destroy: [ '1.2.0' ],
20 silly audit   'detect-libc': [ '2.0.1' ],
20 silly audit   dezalgo: [ '1.0.4' ],
20 silly audit   diff: [ '5.0.0' ],
20 silly audit   'ecdsa-sig-formatter': [ '1.0.11' ],
20 silly audit   'ee-first': [ '1.1.1' ],
20 silly audit   'emoji-regex': [ '8.0.0' ],
20 silly audit   encodeurl: [ '1.0.2' ],
20 silly audit   escalade: [ '3.1.1' ],
20 silly audit   'escape-html': [ '1.0.3' ],
20 silly audit   'escape-string-regexp': [ '4.0.0' ],
20 silly audit   etag: [ '1.8.1' ],
20 silly audit   express: [ '4.18.2' ],
20 silly audit   'fast-safe-stringify': [ '2.1.1' ],
20 silly audit   'fast-xml-parser': [ '4.0.11' ],
20 silly audit   'fill-range': [ '7.0.1' ],
20 silly audit   finalhandler: [ '1.2.0' ],
20 silly audit   'find-up': [ '5.0.0' ],
20 silly audit   flat: [ '5.0.2' ],
20 silly audit   'form-data': [ '4.0.0' ],
20 silly audit   formidable: [ '2.1.1' ],
20 silly audit   forwarded: [ '0.2.0' ],
20 silly audit   fresh: [ '0.5.2' ],
20 silly audit   'fs-minipass': [ '2.1.0' ],
20 silly audit   'fs.realpath': [ '1.0.0' ],
20 silly audit   fsevents: [ '2.3.2' ],
20 silly audit   'function-bind': [ '1.1.1' ],
20 silly audit   gauge: [ '3.0.2' ],
20 silly audit   'get-caller-file': [ '2.0.5' ],
20 silly audit   'get-func-name': [ '2.0.0' ],
20 silly audit   'get-intrinsic': [ '1.1.3' ],
20 silly audit   glob: [ '7.2.3', '7.2.0' ],
20 silly audit   'glob-parent': [ '5.1.2' ],
20 silly audit   has: [ '1.0.3' ],
20 silly audit   'has-flag': [ '4.0.0' ],
20 silly audit   'has-symbols': [ '1.0.3' ],
20 silly audit   'has-unicode': [ '2.0.1' ],
20 silly audit   he: [ '1.2.0' ],
20 silly audit   hexoid: [ '1.0.0' ],
20 silly audit   'http-errors': [ '2.0.0' ],
20 silly audit   'https-proxy-agent': [ '5.0.1' ],
20 silly audit   'iconv-lite': [ '0.4.24' ],
20 silly audit   ieee754: [ '1.2.1' ],
20 silly audit   inflight: [ '1.0.6' ],
20 silly audit   inherits: [ '2.0.4' ],
20 silly audit   ip: [ '2.0.0' ],
20 silly audit   'ipaddr.js': [ '1.9.1' ],
20 silly audit   'is-binary-path': [ '2.1.0' ],
20 silly audit   'is-extglob': [ '2.1.1' ],
20 silly audit   'is-fullwidth-code-point': [ '3.0.0' ],
20 silly audit   'is-glob': [ '4.0.3' ],
20 silly audit   'is-number': [ '7.0.0' ],
20 silly audit   'is-plain-obj': [ '2.1.0' ],
20 silly audit   'is-unicode-supported': [ '0.1.0' ],
20 silly audit   isarray: [ '1.0.0' ],
20 silly audit   'js-yaml': [ '4.1.0' ],
20 silly audit   jsonwebtoken: [ '8.5.1' ],
20 silly audit   semver: [ '5.7.1', '6.3.0', '7.3.8' ],
20 silly audit   jwa: [ '1.4.1' ],
20 silly audit   jws: [ '3.2.2' ],
20 silly audit   kareem: [ '2.4.1' ],
20 silly audit   'locate-path': [ '6.0.0' ],
20 silly audit   'lodash.includes': [ '4.3.0' ],
20 silly audit   'lodash.isboolean': [ '3.0.3' ],
20 silly audit   'lodash.isinteger': [ '4.0.4' ],
20 silly audit   'lodash.isnumber': [ '3.0.3' ],
20 silly audit   'lodash.isplainobject': [ '4.0.6' ],
20 silly audit   'lodash.isstring': [ '4.0.1' ],
20 silly audit   'lodash.once': [ '4.1.1' ],
20 silly audit   'log-symbols': [ '4.1.0' ],
20 silly audit   loupe: [ '2.3.6' ],
20 silly audit   'lru-cache': [ '6.0.0' ],
20 silly audit   'make-dir': [ '3.1.0' ],
20 silly audit   'media-typer': [ '0.3.0' ],
20 silly audit   'memory-pager': [ '1.5.0' ],
20 silly audit   'merge-descriptors': [ '1.0.1' ],
20 silly audit   methods: [ '1.1.2' ],
20 silly audit   mime: [ '1.6.0', '2.6.0' ],
20 silly audit   'mime-db': [ '1.52.0' ],
20 silly audit   'mime-types': [ '2.1.35' ],
20 silly audit   minimatch: [ '3.1.2', '5.0.1' ],
20 silly audit   minimist: [ '1.2.7' ],
20 silly audit   minipass: [ '3.3.6' ],
20 silly audit   minizlib: [ '2.1.2' ],
20 silly audit   mkdirp: [ '1.0.4', '0.5.6' ],
20 silly audit   mocha: [ '10.1.0' ],
20 silly audit   mongodb: [ '4.11.0' ],
20 silly audit   'mongodb-connection-string-url': [ '2.6.0' ],
20 silly audit   mongoose: [ '6.7.5' ],
20 silly audit   mpath: [ '0.9.0' ],
20 silly audit   mquery: [ '4.0.3' ],
20 silly audit   multer: [ '1.4.5-lts.1' ],
20 silly audit   nanoid: [ '3.3.3' ],
20 silly audit   negotiator: [ '0.6.3' ],
20 silly audit   'node-addon-api': [ '5.0.0' ],
20 silly audit   'node-fetch': [ '2.6.7' ],
20 silly audit   tr46: [ '0.0.3', '3.0.0' ],
20 silly audit   'webidl-conversions': [ '3.0.1', '7.0.0' ],
20 silly audit   'whatwg-url': [ '5.0.0', '11.0.0' ],
20 silly audit   nopt: [ '5.0.0' ],
20 silly audit   'normalize-path': [ '3.0.0' ],
20 silly audit   npmlog: [ '5.0.1' ],
20 silly audit   'object-assign': [ '4.1.1' ],
20 silly audit   'object-inspect': [ '1.12.2' ],
20 silly audit   'on-finished': [ '2.4.1' ],
20 silly audit   once: [ '1.4.0' ],
20 silly audit   'p-limit': [ '3.1.0' ],
20 silly audit   'p-locate': [ '5.0.0' ],
20 silly audit   parseurl: [ '1.3.3' ],
20 silly audit   'path-exists': [ '4.0.0' ],
20 silly audit   'path-is-absolute': [ '1.0.1' ],
20 silly audit   'path-to-regexp': [ '0.1.7' ],
20 silly audit   pathval: [ '1.1.1' ],
20 silly audit   picomatch: [ '2.3.1' ],
20 silly audit   'process-nextick-args': [ '2.0.1' ],
20 silly audit   'proxy-addr': [ '2.0.7' ],
20 silly audit   punycode: [ '2.1.1' ],
20 silly audit   qs: [ '6.11.0' ],
20 silly audit   randombytes: [ '2.1.0' ],
20 silly audit   'range-parser': [ '1.2.1' ],
20 silly audit   'raw-body': [ '2.5.1' ],
20 silly audit   readdirp: [ '3.6.0' ],
20 silly audit   'require-directory': [ '2.1.1' ],
20 silly audit   rimraf: [ '3.0.2' ],
20 silly audit   'safer-buffer': [ '2.1.2' ],
20 silly audit   saslprep: [ '1.0.3' ],
20 silly audit   send: [ '0.18.0' ],
20 silly audit   'serialize-javascript': [ '6.0.0' ],
20 silly audit   'serve-static': [ '1.15.0' ],
20 silly audit   'set-blocking': [ '2.0.0' ],
20 silly audit   setprototypeof: [ '1.2.0' ],
20 silly audit   'side-channel': [ '1.0.4' ],
20 silly audit   sift: [ '16.0.1' ],
20 silly audit   'signal-exit': [ '3.0.7' ],
20 silly audit   'smart-buffer': [ '4.2.0' ],
20 silly audit   socks: [ '2.7.1' ],
20 silly audit   'sparse-bitfield': [ '3.0.3' ],
20 silly audit   statuses: [ '2.0.1' ],
20 silly audit   streamsearch: [ '1.1.0' ],
20 silly audit   'string-width': [ '4.2.3' ],
20 silly audit   'strip-ansi': [ '6.0.1' ],
20 silly audit   'strip-json-comments': [ '3.1.1' ],
20 silly audit   strnum: [ '1.0.5' ],
20 silly audit   superagent: [ '8.0.6' ],
20 silly audit   supertest: [ '6.3.3' ],
20 silly audit   tar: [ '6.1.12' ],
20 silly audit   'to-regex-range': [ '5.0.1' ],
20 silly audit   toidentifier: [ '1.0.1' ],
20 silly audit   'type-detect': [ '4.0.8' ],
20 silly audit   'type-is': [ '1.6.18' ],
20 silly audit   typedarray: [ '0.0.6' ],
20 silly audit   unpipe: [ '1.0.0' ],
20 silly audit   'util-deprecate': [ '1.0.2' ],
20 silly audit   'utils-merge': [ '1.0.1' ],
20 silly audit   uuid: [ '8.3.2' ],
20 silly audit   vary: [ '1.1.2' ],
20 silly audit   'wide-align': [ '1.1.5' ],
20 silly audit   workerpool: [ '6.2.1' ],
20 silly audit   'wrap-ansi': [ '7.0.0' ],
20 silly audit   wrappy: [ '1.0.2' ],
20 silly audit   xtend: [ '4.0.2' ],
20 silly audit   y18n: [ '5.0.8' ],
20 silly audit   yallist: [ '4.0.0' ],
20 silly audit   yargs: [ '16.2.0' ],
20 silly audit   'yargs-parser': [ '20.2.4' ],
20 silly audit   'yargs-unparser': [ '2.0.0' ],
20 silly audit   'yocto-queue': [ '0.1.0' ],
20 silly audit   dotenv: [ '16.5.0' ]
20 silly audit }
21 verbose reify failed optional dependency C:\Users\nicoa\Desktop\Coderhouse\Backend III\PreEntrega1\Adoptme-Pets\node_modules\fsevents
22 silly reify mark deleted [
22 silly reify   'C:\\Users\\nicoa\\Desktop\\Coderhouse\\Backend III\\PreEntrega1\\Adoptme-Pets\\node_modules\\fsevents'
22 silly reify ]
23 http cache dotenv@https://registry.npmjs.org/dotenv/-/dotenv-16.5.0.tgz 0ms (cache hit)
24 silly tarball no local data for dotenv@https://registry.npmjs.org/dotenv/-/dotenv-16.5.0.tgz. Extracting by manifest.
25 http fetch GET 200 https://registry.npmjs.org/dotenv/-/dotenv-16.5.0.tgz 129ms (cache miss)
26 http fetch POST 200 https://registry.npmjs.org/-/npm/v1/security/advisories/bulk 244ms
27 silly audit report {
27 silly audit report   'body-parser': [
27 silly audit report     {
27 silly audit report       id: 1099520,
27 silly audit report       url: 'https://github.com/advisories/GHSA-qwcr-r2fm-qrc7',
27 silly audit report       title: 'body-parser vulnerable to denial of service when url encoding is enabled',
27 silly audit report       severity: 'high',
27 silly audit report       vulnerable_versions: '<1.20.3',
27 silly audit report       cwe: [Array],
27 silly audit report       cvss: [Object]
27 silly audit report     }
27 silly audit report   ],
27 silly audit report   braces: [
27 silly audit report     {
27 silly audit report       id: 1098094,
27 silly audit report       url: 'https://github.com/advisories/GHSA-grv7-fg5c-xmjg',
27 silly audit report       title: 'Uncontrolled resource consumption in braces',
27 silly audit report       severity: 'high',
27 silly audit report       vulnerable_versions: '<3.0.3',
27 silly audit report       cwe: [Array],
27 silly audit report       cvss: [Object]
27 silly audit report     }
27 silly audit report   ],
27 silly audit report   cookie: [
27 silly audit report     {
27 silly audit report       id: 1103907,
27 silly audit report       url: 'https://github.com/advisories/GHSA-pxg6-pf52-xh8x',
27 silly audit report       title: 'cookie accepts cookie name, path, and domain with out of bounds characters',
27 silly audit report       severity: 'low',
27 silly audit report       vulnerable_versions: '<0.7.0',
27 silly audit report       cwe: [Array],
27 silly audit report       cvss: [Object]
27 silly audit report     }
27 silly audit report   ],
27 silly audit report   cookiejar: [
27 silly audit report     {
27 silly audit report       id: 1102457,
27 silly audit report       url: 'https://github.com/advisories/GHSA-h452-7996-h45h',
27 silly audit report       title: 'cookiejar Regular Expression Denial of Service via Cookie.parse function',
27 silly audit report       severity: 'moderate',
27 silly audit report       vulnerable_versions: '<2.1.4',
27 silly audit report       cwe: [Array],
27 silly audit report       cvss: [Object]
27 silly audit report     }
27 silly audit report   ],
27 silly audit report   express: [
27 silly audit report     {
27 silly audit report       id: 1100530,
27 silly audit report       url: 'https://github.com/advisories/GHSA-qw6h-vgh9-j6wx',
27 silly audit report       title: 'express vulnerable to XSS via response.redirect()',
27 silly audit report       severity: 'low',
27 silly audit report       vulnerable_versions: '<4.20.0',
27 silly audit report       cwe: [Array],
27 silly audit report       cvss: [Object]
27 silly audit report     },
27 silly audit report     {
27 silly audit report       id: 1096820,
27 silly audit report       url: 'https://github.com/advisories/GHSA-rv95-896h-c2vc',
27 silly audit report       title: 'Express.js Open Redirect in malformed URLs',
27 silly audit report       severity: 'moderate',
27 silly audit report       vulnerable_versions: '<4.19.2',
27 silly audit report       cwe: [Array],
27 silly audit report       cvss: [Object]
27 silly audit report     }
27 silly audit report   ],
27 silly audit report   'fast-xml-parser': [
27 silly audit report     {
27 silly audit report       id: 1095242,
27 silly audit report       url: 'https://github.com/advisories/GHSA-x3cc-x39p-42qx',
27 silly audit report       title: 'fast-xml-parser vulnerable to Prototype Pollution through tag or attribute name',
27 silly audit report       severity: 'moderate',
27 silly audit report       vulnerable_versions: '<4.1.2',
27 silly audit report       cwe: [Array],
27 silly audit report       cvss: [Object]
27 silly audit report     }
27 silly audit report   ],
27 silly audit report   formidable: [
27 silly audit report     {
27 silly audit report       id: 1105074,
27 silly audit report       url: 'https://github.com/advisories/GHSA-75v8-2h7p-7m2m',
27 silly audit report       title: 'Formidable relies on hexoid to prevent guessing of filenames for untrusted executable content',
27 silly audit report       severity: 'low',
27 silly audit report       vulnerable_versions: '>=2.1.0 <2.1.3',
27 silly audit report       cwe: [Array],
27 silly audit report       cvss: [Object]
27 silly audit report     }
27 silly audit report   ],
27 silly audit report   'get-func-name': [
27 silly audit report     {
27 silly audit report       id: 1094574,
27 silly audit report       url: 'https://github.com/advisories/GHSA-4q6p-r6v2-jvc5',
27 silly audit report       title: 'Chaijs/get-func-name vulnerable to ReDoS',
27 silly audit report       severity: 'high',
27 silly audit report       vulnerable_versions: '<2.0.1',
27 silly audit report       cwe: [Array],
27 silly audit report       cvss: [Object]
27 silly audit report     }
27 silly audit report   ],
27 silly audit report   ip: [
27 silly audit report     {
27 silly audit report       id: 1101851,
27 silly audit report       url: 'https://github.com/advisories/GHSA-2p57-rm9w-gvfp',
27 silly audit report       title: 'ip SSRF improper categorization in isPublic',
27 silly audit report       severity: 'high',
27 silly audit report       vulnerable_versions: '<=2.0.1',
27 silly audit report       cwe: [Array],
27 silly audit report       cvss: [Object]
27 silly audit report     },
27 silly audit report     {
27 silly audit report       id: 1097721,
27 silly audit report       url: 'https://github.com/advisories/GHSA-78xj-cgh5-2h22',
27 silly audit report       title: 'NPM IP package incorrectly identifies some private IP addresses as public',
27 silly audit report       severity: 'low',
27 silly audit report       vulnerable_versions: '=2.0.0',
27 silly audit report       cwe: [Array],
27 silly audit report       cvss: [Object]
27 silly audit report     }
27 silly audit report   ],
27 silly audit report   jsonwebtoken: [
27 silly audit report     {
27 silly audit report       id: 1102458,
27 silly audit report       url: 'https://github.com/advisories/GHSA-qwph-4952-7xr6',
27 silly audit report       title: 'jsonwebtoken vulnerable to signature validation bypass due to insecure default algorithm in jwt.verify()',
27 silly audit report       severity: 'moderate',
27 silly audit report       vulnerable_versions: '<9.0.0',
27 silly audit report       cwe: [Array],
27 silly audit report       cvss: [Object]
27 silly audit report     },
27 silly audit report     {
27 silly audit report       id: 1097690,
27 silly audit report       url: 'https://github.com/advisories/GHSA-8cf7-32gw-wr33',
27 silly audit report       title: 'jsonwebtoken unrestricted key type could lead to legacy keys usage ',
27 silly audit report       severity: 'high',
27 silly audit report       vulnerable_versions: '<=8.5.1',
27 silly audit report       cwe: [Array],
27 silly audit report       cvss: [Object]
27 silly audit report     },
27 silly audit report     {
27 silly audit report       id: 1097694,
27 silly audit report       url: 'https://github.com/advisories/GHSA-hjrf-2m68-5959',
27 silly audit report       title: "jsonwebtoken's insecure implementation of key retrieval function could lead to Forgeable Public/Private Tokens from RSA to HMAC",
27 silly audit report       severity: 'moderate',
27 silly audit report       vulnerable_versions: '<=8.5.1',
27 silly audit report       cwe: [Array],
27 silly audit report       cvss: [Object]
27 silly audit report     }
27 silly audit report   ],
27 silly audit report   semver: [
27 silly audit report     {
27 silly audit report       id: 1101088,
27 silly audit report       url: 'https://github.com/advisories/GHSA-c2qf-rxjj-qqgw',
27 silly audit report       title: 'semver vulnerable to Regular Expression Denial of Service',
27 silly audit report       severity: 'high',
27 silly audit report       vulnerable_versions: '>=7.0.0 <7.5.2',
27 silly audit report       cwe: [Array],
27 silly audit report       cvss: [Object]
27 silly audit report     },
27 silly audit report     {
27 silly audit report       id: 1101089,
27 silly audit report       url: 'https://github.com/advisories/GHSA-c2qf-rxjj-qqgw',
27 silly audit report       title: 'semver vulnerable to Regular Expression Denial of Service',
27 silly audit report       severity: 'high',
27 silly audit report       vulnerable_versions: '<5.7.2',
27 silly audit report       cwe: [Array],
27 silly audit report       cvss: [Object]
27 silly audit report     },
27 silly audit report     {
27 silly audit report       id: 1101090,
27 silly audit report       url: 'https://github.com/advisories/GHSA-c2qf-rxjj-qqgw',
27 silly audit report       title: 'semver vulnerable to Regular Expression Denial of Service',
27 silly audit report       severity: 'high',
27 silly audit report       vulnerable_versions: '>=6.0.0 <6.3.1',
27 silly audit report       cwe: [Array],
27 silly audit report       cvss: [Object]
27 silly audit report     }
27 silly audit report   ],
27 silly audit report   mongodb: [
27 silly audit report     {
27 silly audit report       id: 1102448,
27 silly audit report       url: 'https://github.com/advisories/GHSA-vxvm-qww3-2fh7',
27 silly audit report       title: 'MongoDB Driver may publish events containing authentication-related data',
27 silly audit report       severity: 'moderate',
27 silly audit report       vulnerable_versions: '>=4.0.0 <4.17.0',
27 silly audit report       cwe: [Array],
27 silly audit report       cvss: [Object]
27 silly audit report     }
27 silly audit report   ],
27 silly audit report   mongoose: [
27 silly audit report     {
27 silly audit report       id: 1101061,
27 silly audit report       url: 'https://github.com/advisories/GHSA-m7xq-9374-9rvx',
27 silly audit report       title: 'Mongoose search injection vulnerability',
27 silly audit report       severity: 'high',
27 silly audit report       vulnerable_versions: '<6.13.5',
27 silly audit report       cwe: [Array],
27 silly audit report       cvss: [Object]
27 silly audit report     },
27 silly audit report     {
27 silly audit report       id: 1101838,
27 silly audit report       url: 'https://github.com/advisories/GHSA-vg7j-7cwx-8wgw',
27 silly audit report       title: 'Mongoose search injection vulnerability',
27 silly audit report       severity: 'critical',
27 silly audit report       vulnerable_versions: '<6.13.6',
27 silly audit report       cwe: [Array],
27 silly audit report       cvss: [Object]
27 silly audit report     },
27 silly audit report     {
27 silly audit report       id: 1095081,
27 silly audit report       url: 'https://github.com/advisories/GHSA-9m93-w8w6-76hh',
27 silly audit report       title: 'Mongoose Prototype Pollution vulnerability',
27 silly audit report       severity: 'critical',
27 silly audit report       vulnerable_versions: '>=6.0.0 <6.11.3',
27 silly audit report       cwe: [Array],
27 silly audit report       cvss: [Object]
27 silly audit report     }
27 silly audit report   ],
27 silly audit report   nanoid: [
27 silly audit report     {
27 silly audit report       id: 1101163,
27 silly audit report       url: 'https://github.com/advisories/GHSA-mwcw-c2x4-8c55',
27 silly audit report       title: 'Predictable results in nanoid generation when given non-integer values',
27 silly audit report       severity: 'moderate',
27 silly audit report       vulnerable_versions: '<3.3.8',
27 silly audit report       cwe: [Array],
27 silly audit report       cvss: [Object]
27 silly audit report     }
27 silly audit report   ],
27 silly audit report   'path-to-regexp': [
27 silly audit report     {
27 silly audit report       id: 1101850,
27 silly audit report       url: 'https://github.com/advisories/GHSA-9wv6-86v2-598j',
27 silly audit report       title: 'path-to-regexp outputs backtracking regular expressions',
27 silly audit report       severity: 'high',
27 silly audit report       vulnerable_versions: '<0.1.10',
27 silly audit report       cwe: [Array],
27 silly audit report       cvss: [Object]
27 silly audit report     },
27 silly audit report     {
27 silly audit report       id: 1105199,
27 silly audit report       url: 'https://github.com/advisories/GHSA-rhx6-c78j-4q9w',
27 silly audit report       title: 'path-to-regexp contains a ReDoS',
27 silly audit report       severity: 'high',
27 silly audit report       vulnerable_versions: '<0.1.12',
27 silly audit report       cwe: [Array],
27 silly audit report       cvss: [Object]
27 silly audit report     }
27 silly audit report   ],
27 silly audit report   send: [
27 silly audit report     {
27 silly audit report       id: 1100526,
27 silly audit report       url: 'https://github.com/advisories/GHSA-m6fv-jmcg-4jfg',
27 silly audit report       title: 'send vulnerable to template injection that can lead to XSS',
27 silly audit report       severity: 'low',
27 silly audit report       vulnerable_versions: '<0.19.0',
27 silly audit report       cwe: [Array],
27 silly audit report       cvss: [Object]
27 silly audit report     }
27 silly audit report   ],
27 silly audit report   'serialize-javascript': [
27 silly audit report     {
27 silly audit report       id: 1105261,
27 silly audit report       url: 'https://github.com/advisories/GHSA-76p7-773f-r4q5',
27 silly audit report       title: 'Cross-site Scripting (XSS) in serialize-javascript',
27 silly audit report       severity: 'moderate',
27 silly audit report       vulnerable_versions: '>=6.0.0 <6.0.2',
27 silly audit report       cwe: [Array],
27 silly audit report       cvss: [Object]
27 silly audit report     }
27 silly audit report   ],
27 silly audit report   'serve-static': [
27 silly audit report     {
27 silly audit report       id: 1100528,
27 silly audit report       url: 'https://github.com/advisories/GHSA-cm22-4g7w-348p',
27 silly audit report       title: 'serve-static vulnerable to template injection that can lead to XSS',
27 silly audit report       severity: 'low',
27 silly audit report       vulnerable_versions: '<1.16.0',
27 silly audit report       cwe: [Array],
27 silly audit report       cvss: [Object]
27 silly audit report     }
27 silly audit report   ],
27 silly audit report   tar: [
27 silly audit report     {
27 silly audit report       id: 1097493,
27 silly audit report       url: 'https://github.com/advisories/GHSA-f5x3-32g6-xq36',
27 silly audit report       title: 'Denial of service while parsing a tar file due to lack of folders count validation',
27 silly audit report       severity: 'moderate',
27 silly audit report       vulnerable_versions: '<6.2.1',
27 silly audit report       cwe: [Array],
27 silly audit report       cvss: [Object]
27 silly audit report     }
27 silly audit report   ]
27 silly audit report }
28 silly packumentCache corgi:https://registry.npmjs.org/body-parser cache-miss
29 silly packumentCache corgi:https://registry.npmjs.org/braces cache-miss
30 silly packumentCache corgi:https://registry.npmjs.org/cookie cache-miss
31 silly packumentCache corgi:https://registry.npmjs.org/cookiejar cache-miss
32 silly packumentCache corgi:https://registry.npmjs.org/express cache-miss
33 silly packumentCache corgi:https://registry.npmjs.org/fast-xml-parser cache-miss
34 silly packumentCache corgi:https://registry.npmjs.org/formidable cache-miss
35 silly packumentCache corgi:https://registry.npmjs.org/get-func-name cache-miss
36 silly packumentCache corgi:https://registry.npmjs.org/ip cache-miss
37 silly packumentCache corgi:https://registry.npmjs.org/jsonwebtoken cache-miss
38 silly packumentCache corgi:https://registry.npmjs.org/semver cache-miss
39 silly packumentCache corgi:https://registry.npmjs.org/mongodb cache-miss
40 silly packumentCache corgi:https://registry.npmjs.org/mongoose cache-miss
41 silly packumentCache corgi:https://registry.npmjs.org/nanoid cache-miss
42 silly packumentCache corgi:https://registry.npmjs.org/path-to-regexp cache-miss
43 silly packumentCache corgi:https://registry.npmjs.org/send cache-miss
44 silly packumentCache corgi:https://registry.npmjs.org/serialize-javascript cache-miss
45 silly packumentCache corgi:https://registry.npmjs.org/serve-static cache-miss
46 silly packumentCache corgi:https://registry.npmjs.org/tar cache-miss
47 http cache https://registry.npmjs.org/cookiejar 23ms (cache hit)
48 silly packumentCache corgi:https://registry.npmjs.org/cookiejar set size:12939 disposed:false
49 http cache https://registry.npmjs.org/body-parser 25ms (cache hit)
50 silly packumentCache corgi:https://registry.npmjs.org/body-parser set size:74404 disposed:false
51 http cache https://registry.npmjs.org/cookie 25ms (cache hit)
52 silly packumentCache corgi:https://registry.npmjs.org/cookie set size:22175 disposed:false
53 http cache https://registry.npmjs.org/get-func-name 25ms (cache hit)
54 silly packumentCache corgi:https://registry.npmjs.org/get-func-name set size:5225 disposed:false
55 http cache https://registry.npmjs.org/braces 26ms (cache hit)
56 silly packumentCache corgi:https://registry.npmjs.org/braces set size:35919 disposed:false
57 http cache https://registry.npmjs.org/formidable 25ms (cache hit)
58 silly packumentCache corgi:https://registry.npmjs.org/formidable set size:108667 disposed:false
59 http cache https://registry.npmjs.org/jsonwebtoken 25ms (cache hit)
60 silly packumentCache corgi:https://registry.npmjs.org/jsonwebtoken set size:66386 disposed:false
61 http cache https://registry.npmjs.org/express 28ms (cache hit)
62 silly packumentCache corgi:https://registry.npmjs.org/express set size:322362 disposed:false
63 http cache https://registry.npmjs.org/ip 30ms (cache hit)
64 silly packumentCache corgi:https://registry.npmjs.org/ip set size:17316 disposed:false
65 http cache https://registry.npmjs.org/semver 31ms (cache hit)
66 silly packumentCache corgi:https://registry.npmjs.org/semver set size:94787 disposed:false
67 http cache https://registry.npmjs.org/fast-xml-parser 33ms (cache hit)
68 silly packumentCache corgi:https://registry.npmjs.org/fast-xml-parser set size:216940 disposed:false
69 http cache https://registry.npmjs.org/send 32ms (cache hit)
70 silly packumentCache corgi:https://registry.npmjs.org/send set size:60926 disposed:false
71 http cache https://registry.npmjs.org/path-to-regexp 33ms (cache hit)
72 silly packumentCache corgi:https://registry.npmjs.org/path-to-regexp set size:62557 disposed:false
73 http cache https://registry.npmjs.org/nanoid 34ms (cache hit)
74 silly packumentCache corgi:https://registry.npmjs.org/nanoid set size:143800 disposed:false
75 http cache https://registry.npmjs.org/mongodb 37ms (cache hit)
76 silly packumentCache corgi:https://registry.npmjs.org/mongodb set size:1252495 disposed:false
77 http cache https://registry.npmjs.org/mongoose 45ms (cache hit)
78 silly packumentCache corgi:https://registry.npmjs.org/mongoose set size:1505244 disposed:false
79 http cache https://registry.npmjs.org/tar 57ms (cache hit)
80 silly packumentCache corgi:https://registry.npmjs.org/tar set size:156578 disposed:false
81 http cache https://registry.npmjs.org/serialize-javascript 59ms (cache hit)
82 silly packumentCache corgi:https://registry.npmjs.org/serialize-javascript set size:31981 disposed:false
83 http cache https://registry.npmjs.org/serve-static 59ms (cache hit)
84 silly packumentCache corgi:https://registry.npmjs.org/serve-static set size:56254 disposed:false
85 silly packumentCache corgi:https://registry.npmjs.org/chokidar cache-miss
86 http cache https://registry.npmjs.org/chokidar 3ms (cache hit)
87 silly packumentCache corgi:https://registry.npmjs.org/chokidar set size:118541 disposed:false
88 silly packumentCache corgi:https://registry.npmjs.org/cookie-parser cache-miss
89 http cache https://registry.npmjs.org/cookie-parser 2ms (cache hit)
90 silly packumentCache corgi:https://registry.npmjs.org/cookie-parser set size:15528 disposed:false
91 silly packumentCache corgi:https://registry.npmjs.org/superagent cache-miss
92 http cache https://registry.npmjs.org/superagent 2ms (cache hit)
93 silly packumentCache corgi:https://registry.npmjs.org/superagent set size:288717 disposed:false
94 silly packumentCache corgi:https://registry.npmjs.org/@aws-sdk%2fclient-sts cache-miss
95 http cache https://registry.npmjs.org/@aws-sdk%2fclient-sts 4ms (cache hit)
96 silly packumentCache corgi:https://registry.npmjs.org/@aws-sdk%2fclient-sts set size:1193109 disposed:false
97 silly packumentCache corgi:https://registry.npmjs.org/chai cache-miss
98 silly packumentCache corgi:https://registry.npmjs.org/loupe cache-miss
99 http cache https://registry.npmjs.org/chai 4ms (cache hit)
100 silly packumentCache corgi:https://registry.npmjs.org/chai set size:79768 disposed:false
101 http cache https://registry.npmjs.org/loupe 5ms (cache hit)
102 silly packumentCache corgi:https://registry.npmjs.org/loupe set size:66003 disposed:false
103 silly packumentCache corgi:https://registry.npmjs.org/socks cache-miss
104 http cache https://registry.npmjs.org/socks 2ms (cache hit)
105 silly packumentCache corgi:https://registry.npmjs.org/socks set size:62597 disposed:false
106 silly packumentCache corgi:https://registry.npmjs.org/@mapbox%2fnode-pre-gyp cache-miss
107 http cache https://registry.npmjs.org/@mapbox%2fnode-pre-gyp 3ms (cache hit)
108 silly packumentCache corgi:https://registry.npmjs.org/@mapbox%2fnode-pre-gyp set size:38592 disposed:false
109 silly packumentCache corgi:https://registry.npmjs.org/make-dir cache-miss
110 http cache https://registry.npmjs.org/make-dir 2ms (cache hit)
111 silly packumentCache corgi:https://registry.npmjs.org/make-dir set size:15624 disposed:false
112 silly packumentCache corgi:https://registry.npmjs.org/mocha cache-miss
113 http cache https://registry.npmjs.org/mocha 3ms (cache hit)
114 silly packumentCache corgi:https://registry.npmjs.org/mocha set size:382407 disposed:false
115 silly packumentCache corgi:https://registry.npmjs.org/@aws-sdk%2fclient-cognito-identity cache-miss
116 silly packumentCache corgi:https://registry.npmjs.org/@aws-sdk%2fcredential-providers cache-miss
117 http cache https://registry.npmjs.org/@aws-sdk%2fclient-cognito-identity 5ms (cache hit)
118 silly packumentCache corgi:https://registry.npmjs.org/@aws-sdk%2fclient-cognito-identity set size:1295357 disposed:false
119 http cache https://registry.npmjs.org/@aws-sdk%2fcredential-providers 12ms (cache hit)
120 silly packumentCache corgi:https://registry.npmjs.org/@aws-sdk%2fcredential-providers set size:712919 disposed:false
121 silly packumentCache corgi:https://registry.npmjs.org/@aws-sdk%2fcredential-provider-cognito-identity cache-miss
122 http cache https://registry.npmjs.org/@aws-sdk%2fcredential-provider-cognito-identity 4ms (cache hit)
123 silly packumentCache corgi:https://registry.npmjs.org/@aws-sdk%2fcredential-provider-cognito-identity set size:684053 disposed:false
124 silly ADD node_modules/dotenv
125 silly ADD
126 verbose cwd C:\Users\nicoa\Desktop\Coderhouse\Backend III\PreEntrega1\Adoptme-Pets
127 verbose os Windows_NT 10.0.26100
128 verbose node v22.12.0
129 verbose npm  v11.0.0
130 verbose exit 0
131 info ok
